<?xml version="1.0" encoding="UTF-8"?>
<testng-results skipped="0" failed="0" total="1" passed="1">
  <reporter-output>
  </reporter-output>
  <suite name="Default suite" duration-ms="72733" started-at="2017-08-24T09:26:34Z" finished-at="2017-08-24T09:27:47Z">
    <groups>
    </groups>
    <test name="Default test" duration-ms="72733" started-at="2017-08-24T09:26:34Z" finished-at="2017-08-24T09:27:47Z">
      <class name="com.identity.tests.VehicleDetailCheck">
        <test-method status="PASS" signature="setPropertiesForAll()[pri:0, instance:com.identity.tests.VehicleDetailCheck@91161c7]" name="setPropertiesForAll" is-config="true" duration-ms="16" started-at="2017-08-24T09:26:34Z" finished-at="2017-08-24T09:26:34Z">
        </test-method> <!-- setPropertiesForAll -->
        <test-method status="PASS" signature="setUp()[pri:0, instance:com.identity.tests.VehicleDetailCheck@91161c7]" name="setUp" is-config="true" duration-ms="15005" started-at="2017-08-24T09:26:34Z" finished-at="2017-08-24T09:26:49Z">
        </test-method> <!-- setUp -->
        <test-method status="PASS" signature="assertVehicleInfo(java.lang.String, java.lang.String, java.lang.String)[pri:0, instance:com.identity.tests.VehicleDetailCheck@91161c7]" name="assertVehicleInfo" duration-ms="54865" started-at="2017-08-24T09:26:51Z" data-provider="vehicleData" finished-at="2017-08-24T09:27:45Z">
          <params>
            <param index="0">
              <value>
                <![CDATA[FB04VWF]]>
              </value>
            </param>
            <param index="1">
              <value>
                <![CDATA[TOYOTA]]>
              </value>
            </param>
            <param index="2">
              <value>
                <![CDATA[GOLD]]>
              </value>
            </param>
          </params>
        </test-method> <!-- assertVehicleInfo -->
        <test-method status="PASS" signature="tearDown()[pri:0, instance:com.identity.tests.VehicleDetailCheck@91161c7]" name="tearDown" is-config="true" duration-ms="1674" started-at="2017-08-24T09:27:45Z" finished-at="2017-08-24T09:27:47Z">
        </test-method> <!-- tearDown -->
      </class> <!-- com.identity.tests.VehicleDetailCheck -->
    </test> <!-- Default test -->
  </suite> <!-- Default suite -->
</testng-results>
